2026-06-20 07:32:10 Loaded main app package /usr/lib/obsidian/obsidian.asar
2026-06-20 07:32:10 Checking for update using Github
2026-06-20 07:32:10 Success.
2026-06-20 07:32:10 Latest version is 1.12.7
2026-06-20 07:32:10 App is up to date.
2026-06-20 07:32:28 Loaded main app package /usr/lib/obsidian/obsidian.asar
2026-06-20 07:32:28 Checking for update using Github
2026-06-20 07:32:28 Success.
2026-06-20 07:32:28 Latest version is 1.12.7
2026-06-20 07:32:28 App is up to date.
2026-06-20 07:35:19 Loaded main app package /usr/lib/obsidian/obsidian.asar
2026-06-20 07:35:20 Checking for update using Github
2026-06-20 07:35:20 Success.
2026-06-20 07:35:20 Latest version is 1.12.7
2026-06-20 07:35:20 App is up to date.
2026-06-20 09:16:25 Loaded main app package /usr/lib/obsidian/obsidian.asar
2026-06-20 09:16:25 Checking for update using Github
2026-06-20 09:16:25 Success.
2026-06-20 09:16:25 Latest version is 1.12.7
2026-06-20 09:16:25 App is up to date.
2026-06-20 09:38:34 Loaded main app package /usr/lib/obsidian/obsidian.asar
2026-06-20 09:38:35 Checking for update using Github
2026-06-20 09:38:35 Success.
2026-06-20 09:38:35 Latest version is 1.12.7
2026-06-20 09:38:35 App is up to date.
