2026-06-19 13:22:51.760 [info] [main] Log level: Info
2026-06-19 13:22:51.760 [info] [main] Validating found git in: "git"
2026-06-19 13:22:51.760 [info] [main] Using git "2.54.0" from "git"
2026-06-19 13:22:51.760 [info] [Model][doInitialScan] Initial repository scan started
2026-06-19 13:22:51.760 [info] [Model][doInitialScan] Initial repository scan completed - repositories (0), closed repositories (0), parent repositories (0), unsafe repositories (0)
2026-06-19 13:23:19.014 [info] [main] Log level: Info
2026-06-19 13:23:19.014 [info] [main] Validating found git in: "git"
2026-06-19 13:23:19.014 [info] [main] Using git "2.54.0" from "git"
2026-06-19 13:23:19.014 [info] [Model][doInitialScan] Initial repository scan started
2026-06-19 13:23:19.014 [info] > git rev-parse --show-toplevel [3ms]
2026-06-19 13:23:19.014 [info] fatal: not a git repository (or any parent up to mount point /)
Stopping at filesystem boundary (GIT_DISCOVERY_ACROSS_FILESYSTEM not set).
2026-06-19 13:23:19.018 [info] > git rev-parse --show-toplevel [1ms]
2026-06-19 13:23:19.018 [info] fatal: not a git repository (or any parent up to mount point /)
Stopping at filesystem boundary (GIT_DISCOVERY_ACROSS_FILESYSTEM not set).
2026-06-19 13:23:19.023 [info] > git rev-parse --show-toplevel [1ms]
2026-06-19 13:23:19.023 [info] fatal: not a git repository (or any parent up to mount point /)
Stopping at filesystem boundary (GIT_DISCOVERY_ACROSS_FILESYSTEM not set).
2026-06-19 13:23:19.029 [info] > git rev-parse --show-toplevel [1ms]
2026-06-19 13:23:19.029 [info] fatal: not a git repository (or any parent up to mount point /)
Stopping at filesystem boundary (GIT_DISCOVERY_ACROSS_FILESYSTEM not set).
2026-06-19 13:23:19.032 [info] > git rev-parse --show-toplevel [0ms]
2026-06-19 13:23:19.032 [info] fatal: not a git repository (or any parent up to mount point /)
Stopping at filesystem boundary (GIT_DISCOVERY_ACROSS_FILESYSTEM not set).
2026-06-19 13:23:19.036 [info] > git rev-parse --show-toplevel [1ms]
2026-06-19 13:23:19.036 [info] fatal: not a git repository (or any parent up to mount point /)
Stopping at filesystem boundary (GIT_DISCOVERY_ACROSS_FILESYSTEM not set).
2026-06-19 13:23:19.038 [info] [Model][doInitialScan] Initial repository scan completed - repositories (0), closed repositories (0), parent repositories (0), unsafe repositories (0)
2026-06-19 13:23:20.081 [info] > git rev-parse --show-toplevel [1ms]
2026-06-19 13:23:20.081 [info] fatal: not a git repository (or any parent up to mount point /)
Stopping at filesystem boundary (GIT_DISCOVERY_ACROSS_FILESYSTEM not set).
2026-06-19 13:23:21.110 [info] > git rev-parse --show-toplevel [2ms]
2026-06-19 13:23:21.110 [info] fatal: not a git repository (or any parent up to mount point /)
Stopping at filesystem boundary (GIT_DISCOVERY_ACROSS_FILESYSTEM not set).
2026-06-19 13:25:09.767 [info] > git rev-parse --show-toplevel [1ms]
2026-06-19 13:25:09.767 [info] fatal: not a git repository (or any parent up to mount point /)
Stopping at filesystem boundary (GIT_DISCOVERY_ACROSS_FILESYSTEM not set).
